<?xml version="1.0" encoding="UTF-8"?>
<!-- Generated by org.testng.reporters.JUnitXMLReporter -->
<testsuite ignored="0" hostname="DESKTOP-IJVEGUQ" failures="0" tests="3" name="Test2" time="0.083" errors="0" timestamp="15 Jan 2025 07:32:05 GMT">
  <testcase classname="com.dependency.TestNgDependencyDemo" name="test02" time="0.016"/>
  <testcase classname="com.dependency.TestNgDependencyDemo" name="test03" time="0.003"/>
  <testcase classname="com.dependency.TestNgDependencyDemo" name="test01" time="0.002"/>
</testsuite> <!-- Test2 -->
